-------------------------------------------------------------------------------
Test set: com.finance.system.AuthControllerTest
-------------------------------------------------------------------------------
Tests run: 3, Failures: 1, Errors: 0, Skipped: 0, Time elapsed: 11.91 s <<< FAILURE! -- in com.finance.system.AuthControllerTest
com.finance.system.AuthControllerTest.register_validRequest_returns201 -- Time elapsed: 0.990 s <<< FAILURE!
java.lang.AssertionError: Status expected:<201> but was:<409>
	at org.springframework.test.util.AssertionErrors.fail(AssertionErrors.java:59)
	at org.springframework.test.util.AssertionErrors.assertEquals(AssertionErrors.java:122)
	at org.springframework.test.web.servlet.result.StatusResultMatchers.lambda$matcher$9(StatusResultMatchers.java:637)
	at org.springframework.test.web.servlet.MockMvc$1.andExpect(MockMvc.java:214)
	at com.finance.system.AuthControllerTest.register_validRequest_returns201(AuthControllerTest.java:42)
	at java.base/java.lang.reflect.Method.invoke(Method.java:565)
	at java.base/java.util.ArrayList.forEach(ArrayList.java:1604)
	at java.base/java.util.ArrayList.forEach(ArrayList.java:1604)

